2025-12-26 17:57:51 INFO  - HV000001: Hibernate Validator 8.0.3.Final
2025-12-26 17:57:51 INFO  - Starting RqueuConsumerApplication using Java 17.0.15 with PID 3792 (C:\Users\mete\Desktop\staj\rqueue\rqueu-consumer\target\classes started by mete in C:\Users\mete\Desktop\staj\rqueue\rqueu-consumer)
2025-12-26 17:57:51 INFO  - No active profile set, falling back to 1 default profile: "default"
2025-12-26 17:57:55 INFO  - Started RqueuConsumerApplication in 4.969 seconds (process running for 6.243)
2025-12-26 17:57:56 INFO  - ✅ WireMock Stub Registered!
2025-12-26 17:57:56 INFO  - 🚀 Starting HighConsumers. Concurrency range: 5-10
2025-12-26 17:57:56 INFO  - 🚀 Starting LowConsumers. Concurrency range: 1-2
2025-12-26 17:57:56 WARN  - This Gauge has been already registered (MeterId{name='queue.size', tags=[tag(key=__rq::queue::{high-priority-mails}),tag(queue=high-priority-mails)]}), the registration will be ignored. Note that subsequent logs will be logged at debug level.
2025-12-26 17:58:08 INFO  - | From: noreply@hitract.se | To: user-1@student.com | Subject: VIP | HTTP: 200 OK | Lag: 313ms
2025-12-26 17:58:08 INFO  - | From: noreply@hitract.se | To: user-4@student.com | Subject: VIP | HTTP: 200 OK | Lag: 301ms
2025-12-26 17:58:08 INFO  - | From: noreply@hitract.se | To: user-1@student.com | Subject: STANDARD | HTTP: 200 OK | Lag: 314ms
2025-12-26 17:58:08 INFO  - | From: noreply@hitract.se | To: user-0@student.com | Subject: VIP | HTTP: 200 OK | Lag: 380ms
2025-12-26 17:58:08 INFO  - | From: noreply@hitract.se | To: user-3@student.com | Subject: VIP | HTTP: 200 OK | Lag: 305ms
2025-12-26 17:58:08 INFO  - | From: noreply@hitract.se | To: user-6@student.com | Subject: VIP | HTTP: 200 OK | Lag: 303ms
2025-12-26 17:58:08 INFO  - | From: noreply@hitract.se | To: user-0@student.com | Subject: STANDARD | HTTP: 200 OK | Lag: 394ms
2025-12-26 17:58:08 INFO  - | From: noreply@hitract.se | To: user-5@student.com | Subject: VIP | HTTP: 200 OK | Lag: 308ms
2025-12-26 17:58:08 INFO  - | From: noreply@hitract.se | To: user-2@student.com | Subject: VIP | HTTP: 200 OK | Lag: 323ms
2025-12-26 17:58:08 INFO  - | From: noreply@hitract.se | To: user-7@student.com | Subject: VIP | HTTP: 200 OK | Lag: 301ms
2025-12-26 17:58:08 INFO  - | From: noreply@hitract.se | To: user-8@student.com | Subject: VIP | HTTP: 200 OK | Lag: 310ms
2025-12-26 17:58:08 INFO  - | From: noreply@hitract.se | To: user-9@student.com | Subject: VIP | HTTP: 200 OK | Lag: 305ms
2025-12-26 17:58:08 INFO  - | From: noreply@hitract.se | To: user-3@student.com | Subject: STANDARD | HTTP: 200 OK | Lag: 451ms
2025-12-26 17:58:08 INFO  - | From: noreply@hitract.se | To: user-2@student.com | Subject: STANDARD | HTTP: 200 OK | Lag: 455ms
2025-12-26 17:58:08 INFO  - | From: noreply@hitract.se | To: user-5@student.com | Subject: STANDARD | HTTP: 200 OK | Lag: 651ms
2025-12-26 17:58:08 INFO  - | From: noreply@hitract.se | To: user-4@student.com | Subject: STANDARD | HTTP: 200 OK | Lag: 656ms
2025-12-26 17:58:08 INFO  - | From: noreply@hitract.se | To: user-7@student.com | Subject: STANDARD | HTTP: 200 OK | Lag: 846ms
2025-12-26 17:58:08 INFO  - | From: noreply@hitract.se | To: user-6@student.com | Subject: STANDARD | HTTP: 200 OK | Lag: 851ms
2025-12-26 17:58:09 INFO  - | From: noreply@hitract.se | To: user-8@student.com | Subject: STANDARD | HTTP: 200 OK | Lag: 1056ms
2025-12-26 17:58:09 INFO  - | From: noreply@hitract.se | To: user-9@student.com | Subject: STANDARD | HTTP: 200 OK | Lag: 1049ms
2025-12-26 17:58:09 INFO  - | From: noreply@hitract.se | To: user-10@student.com | Subject: STANDARD | HTTP: 200 OK | Lag: 1260ms
2025-12-26 17:58:09 INFO  - | From: noreply@hitract.se | To: user-11@student.com | Subject: STANDARD | HTTP: 200 OK | Lag: 1254ms
2025-12-26 17:58:09 INFO  - | From: noreply@hitract.se | To: user-12@student.com | Subject: STANDARD | HTTP: 200 OK | Lag: 1469ms
2025-12-26 17:58:09 INFO  - | From: noreply@hitract.se | To: user-13@student.com | Subject: STANDARD | HTTP: 200 OK | Lag: 1460ms
2025-12-26 17:58:09 INFO  - | From: noreply@hitract.se | To: user-15@student.com | Subject: STANDARD | HTTP: 200 OK | Lag: 1659ms
2025-12-26 17:58:09 INFO  - | From: noreply@hitract.se | To: user-14@student.com | Subject: STANDARD | HTTP: 200 OK | Lag: 1666ms
2025-12-26 17:58:09 INFO  - | From: noreply@hitract.se | To: user-16@student.com | Subject: STANDARD | HTTP: 200 OK | Lag: 1878ms
2025-12-26 17:58:09 INFO  - | From: noreply@hitract.se | To: user-17@student.com | Subject: STANDARD | HTTP: 200 OK | Lag: 1872ms
2025-12-26 17:58:10 INFO  - | From: noreply@hitract.se | To: user-18@student.com | Subject: STANDARD | HTTP: 200 OK | Lag: 2071ms
2025-12-26 17:58:10 INFO  - | From: noreply@hitract.se | To: user-19@student.com | Subject: STANDARD | HTTP: 200 OK | Lag: 2063ms
2025-12-26 17:58:10 INFO  - | From: noreply@hitract.se | To: user-21@student.com | Subject: STANDARD | HTTP: 200 OK | Lag: 2276ms
2025-12-26 17:58:10 INFO  - | From: noreply@hitract.se | To: user-20@student.com | Subject: STANDARD | HTTP: 200 OK | Lag: 2281ms
2025-12-26 17:58:10 INFO  - | From: noreply@hitract.se | To: user-22@student.com | Subject: STANDARD | HTTP: 200 OK | Lag: 2470ms
2025-12-26 17:58:10 INFO  - | From: noreply@hitract.se | To: user-23@student.com | Subject: STANDARD | HTTP: 200 OK | Lag: 2466ms
2025-12-26 17:58:10 INFO  - | From: noreply@hitract.se | To: user-25@student.com | Subject: STANDARD | HTTP: 200 OK | Lag: 2666ms
2025-12-26 17:58:10 INFO  - | From: noreply@hitract.se | To: user-24@student.com | Subject: STANDARD | HTTP: 200 OK | Lag: 2674ms
2025-12-26 17:58:11 INFO  - | From: noreply@hitract.se | To: user-27@student.com | Subject: STANDARD | HTTP: 200 OK | Lag: 2873ms
2025-12-26 17:58:11 INFO  - | From: noreply@hitract.se | To: user-26@student.com | Subject: STANDARD | HTTP: 200 OK | Lag: 2879ms
2025-12-26 17:58:11 INFO  - | From: noreply@hitract.se | To: user-29@student.com | Subject: STANDARD | HTTP: 200 OK | Lag: 3065ms
2025-12-26 17:58:11 INFO  - | From: noreply@hitract.se | To: user-28@student.com | Subject: STANDARD | HTTP: 200 OK | Lag: 3069ms
2025-12-26 17:58:11 INFO  - | From: noreply@hitract.se | To: user-30@student.com | Subject: STANDARD | HTTP: 200 OK | Lag: 3277ms
2025-12-26 17:58:11 INFO  - | From: noreply@hitract.se | To: user-31@student.com | Subject: STANDARD | HTTP: 200 OK | Lag: 3271ms
2025-12-26 17:58:11 INFO  - | From: noreply@hitract.se | To: user-32@student.com | Subject: STANDARD | HTTP: 200 OK | Lag: 3456ms
2025-12-26 17:58:11 INFO  - | From: noreply@hitract.se | To: user-33@student.com | Subject: STANDARD | HTTP: 200 OK | Lag: 3437ms
2025-12-26 17:58:11 INFO  - | From: noreply@hitract.se | To: user-34@student.com | Subject: STANDARD | HTTP: 200 OK | Lag: 3644ms
2025-12-26 17:58:11 INFO  - | From: noreply@hitract.se | To: user-35@student.com | Subject: STANDARD | HTTP: 200 OK | Lag: 3637ms
2025-12-26 17:58:12 INFO  - | From: noreply@hitract.se | To: user-37@student.com | Subject: STANDARD | HTTP: 200 OK | Lag: 3830ms
2025-12-26 17:58:12 INFO  - | From: noreply@hitract.se | To: user-36@student.com | Subject: STANDARD | HTTP: 200 OK | Lag: 3836ms
2025-12-26 17:58:12 INFO  - | From: noreply@hitract.se | To: user-38@student.com | Subject: STANDARD | HTTP: 200 OK | Lag: 4039ms
2025-12-26 17:58:12 INFO  - | From: noreply@hitract.se | To: user-39@student.com | Subject: STANDARD | HTTP: 200 OK | Lag: 4029ms
2025-12-26 17:58:12 INFO  - | From: noreply@hitract.se | To: user-41@student.com | Subject: STANDARD | HTTP: 200 OK | Lag: 4215ms
2025-12-26 17:58:12 INFO  - | From: noreply@hitract.se | To: user-40@student.com | Subject: STANDARD | HTTP: 200 OK | Lag: 4235ms
2025-12-26 17:58:12 INFO  - | From: noreply@hitract.se | To: user-42@student.com | Subject: STANDARD | HTTP: 200 OK | Lag: 4426ms
2025-12-26 17:58:12 INFO  - | From: noreply@hitract.se | To: user-43@student.com | Subject: STANDARD | HTTP: 200 OK | Lag: 4414ms
2025-12-26 17:58:12 INFO  - | From: noreply@hitract.se | To: user-44@student.com | Subject: STANDARD | HTTP: 200 OK | Lag: 4607ms
2025-12-26 17:58:12 INFO  - | From: noreply@hitract.se | To: user-45@student.com | Subject: STANDARD | HTTP: 200 OK | Lag: 4593ms
2025-12-26 17:58:13 INFO  - | From: noreply@hitract.se | To: user-46@student.com | Subject: STANDARD | HTTP: 200 OK | Lag: 4783ms
2025-12-26 17:58:13 INFO  - | From: noreply@hitract.se | To: user-47@student.com | Subject: STANDARD | HTTP: 200 OK | Lag: 4779ms
2025-12-26 17:58:13 INFO  - | From: noreply@hitract.se | To: user-48@student.com | Subject: STANDARD | HTTP: 200 OK | Lag: 4977ms
2025-12-26 17:58:13 INFO  - | From: noreply@hitract.se | To: user-49@student.com | Subject: STANDARD | HTTP: 200 OK | Lag: 4973ms
2025-12-26 17:58:13 INFO  - | From: noreply@hitract.se | To: user-50@student.com | Subject: STANDARD | HTTP: 200 OK | Lag: 5172ms
2025-12-26 17:58:13 INFO  - | From: noreply@hitract.se | To: user-51@student.com | Subject: STANDARD | HTTP: 200 OK | Lag: 5168ms
2025-12-26 17:58:13 INFO  - | From: noreply@hitract.se | To: user-53@student.com | Subject: STANDARD | HTTP: 200 OK | Lag: 5365ms
2025-12-26 17:58:13 INFO  - | From: noreply@hitract.se | To: user-52@student.com | Subject: STANDARD | HTTP: 200 OK | Lag: 5370ms
2025-12-26 17:58:13 INFO  - | From: noreply@hitract.se | To: user-55@student.com | Subject: STANDARD | HTTP: 200 OK | Lag: 5566ms
2025-12-26 17:58:13 INFO  - | From: noreply@hitract.se | To: user-54@student.com | Subject: STANDARD | HTTP: 200 OK | Lag: 5570ms
2025-12-26 17:58:14 INFO  - | From: noreply@hitract.se | To: user-56@student.com | Subject: STANDARD | HTTP: 200 OK | Lag: 5780ms
2025-12-26 17:58:14 INFO  - | From: noreply@hitract.se | To: user-57@student.com | Subject: STANDARD | HTTP: 200 OK | Lag: 5777ms
2025-12-26 17:58:14 INFO  - | From: noreply@hitract.se | To: user-59@student.com | Subject: STANDARD | HTTP: 200 OK | Lag: 5974ms
2025-12-26 17:58:14 INFO  - | From: noreply@hitract.se | To: user-58@student.com | Subject: STANDARD | HTTP: 200 OK | Lag: 5977ms
2025-12-26 17:58:14 INFO  - | From: noreply@hitract.se | To: user-61@student.com | Subject: STANDARD | HTTP: 200 OK | Lag: 6184ms
2025-12-26 17:58:14 INFO  - | From: noreply@hitract.se | To: user-60@student.com | Subject: STANDARD | HTTP: 200 OK | Lag: 6186ms
2025-12-26 17:58:14 INFO  - | From: noreply@hitract.se | To: user-63@student.com | Subject: STANDARD | HTTP: 200 OK | Lag: 6395ms
2025-12-26 17:58:14 INFO  - | From: noreply@hitract.se | To: user-62@student.com | Subject: STANDARD | HTTP: 200 OK | Lag: 6397ms
2025-12-26 17:58:15 INFO  - | From: noreply@hitract.se | To: user-65@student.com | Subject: STANDARD | HTTP: 200 OK | Lag: 6594ms
2025-12-26 17:58:15 INFO  - | From: noreply@hitract.se | To: user-64@student.com | Subject: STANDARD | HTTP: 200 OK | Lag: 6596ms
2025-12-26 17:58:15 INFO  - | From: noreply@hitract.se | To: user-66@student.com | Subject: STANDARD | HTTP: 200 OK | Lag: 6796ms
2025-12-26 17:58:15 INFO  - | From: noreply@hitract.se | To: user-67@student.com | Subject: STANDARD | HTTP: 200 OK | Lag: 6794ms
2025-12-26 17:58:15 INFO  - | From: noreply@hitract.se | To: user-69@student.com | Subject: STANDARD | HTTP: 200 OK | Lag: 6993ms
2025-12-26 17:58:15 INFO  - | From: noreply@hitract.se | To: user-68@student.com | Subject: STANDARD | HTTP: 200 OK | Lag: 6995ms
2025-12-26 17:58:15 INFO  - | From: noreply@hitract.se | To: user-71@student.com | Subject: STANDARD | HTTP: 200 OK | Lag: 7188ms
2025-12-26 17:58:15 INFO  - | From: noreply@hitract.se | To: user-70@student.com | Subject: STANDARD | HTTP: 200 OK | Lag: 7192ms
2025-12-26 17:58:15 INFO  - | From: noreply@hitract.se | To: user-72@student.com | Subject: STANDARD | HTTP: 200 OK | Lag: 7391ms
2025-12-26 17:58:15 INFO  - | From: noreply@hitract.se | To: user-73@student.com | Subject: STANDARD | HTTP: 200 OK | Lag: 7388ms
2025-12-26 17:58:16 INFO  - | From: noreply@hitract.se | To: user-74@student.com | Subject: STANDARD | HTTP: 200 OK | Lag: 7592ms
2025-12-26 17:58:16 INFO  - | From: noreply@hitract.se | To: user-75@student.com | Subject: STANDARD | HTTP: 200 OK | Lag: 7589ms
2025-12-26 17:58:16 INFO  - | From: noreply@hitract.se | To: user-76@student.com | Subject: STANDARD | HTTP: 200 OK | Lag: 7788ms
2025-12-26 17:58:16 INFO  - | From: noreply@hitract.se | To: user-77@student.com | Subject: STANDARD | HTTP: 200 OK | Lag: 7784ms
2025-12-26 17:58:16 INFO  - | From: noreply@hitract.se | To: user-78@student.com | Subject: STANDARD | HTTP: 200 OK | Lag: 7995ms
2025-12-26 17:58:16 INFO  - | From: noreply@hitract.se | To: user-79@student.com | Subject: STANDARD | HTTP: 200 OK | Lag: 7992ms
2025-12-26 17:58:16 INFO  - | From: noreply@hitract.se | To: user-80@student.com | Subject: STANDARD | HTTP: 200 OK | Lag: 8205ms
2025-12-26 17:58:16 INFO  - | From: noreply@hitract.se | To: user-81@student.com | Subject: STANDARD | HTTP: 200 OK | Lag: 8202ms
2025-12-26 17:58:16 INFO  - | From: noreply@hitract.se | To: user-82@student.com | Subject: STANDARD | HTTP: 200 OK | Lag: 8415ms
2025-12-26 17:58:16 INFO  - | From: noreply@hitract.se | To: user-83@student.com | Subject: STANDARD | HTTP: 200 OK | Lag: 8412ms
2025-12-26 17:58:17 INFO  - | From: noreply@hitract.se | To: user-85@student.com | Subject: STANDARD | HTTP: 200 OK | Lag: 8625ms
2025-12-26 17:58:17 INFO  - | From: noreply@hitract.se | To: user-84@student.com | Subject: STANDARD | HTTP: 200 OK | Lag: 8628ms
2025-12-26 17:58:17 INFO  - | From: noreply@hitract.se | To: user-86@student.com | Subject: STANDARD | HTTP: 200 OK | Lag: 8841ms
2025-12-26 17:58:17 INFO  - | From: noreply@hitract.se | To: user-87@student.com | Subject: STANDARD | HTTP: 200 OK | Lag: 8837ms
2025-12-26 17:58:17 INFO  - | From: noreply@hitract.se | To: user-89@student.com | Subject: STANDARD | HTTP: 200 OK | Lag: 9046ms
2025-12-26 17:58:17 INFO  - | From: noreply@hitract.se | To: user-88@student.com | Subject: STANDARD | HTTP: 200 OK | Lag: 9048ms
2025-12-26 17:58:17 INFO  - | From: noreply@hitract.se | To: user-90@student.com | Subject: STANDARD | HTTP: 200 OK | Lag: 9262ms
2025-12-26 17:58:17 INFO  - | From: noreply@hitract.se | To: user-91@student.com | Subject: STANDARD | HTTP: 200 OK | Lag: 9257ms
2025-12-26 17:58:17 INFO  - | From: noreply@hitract.se | To: user-93@student.com | Subject: STANDARD | HTTP: 200 OK | Lag: 9460ms
2025-12-26 17:58:17 INFO  - | From: noreply@hitract.se | To: user-92@student.com | Subject: STANDARD | HTTP: 200 OK | Lag: 9463ms
2025-12-26 17:58:18 INFO  - | From: noreply@hitract.se | To: user-95@student.com | Subject: STANDARD | HTTP: 200 OK | Lag: 9655ms
2025-12-26 17:58:18 INFO  - | From: noreply@hitract.se | To: user-94@student.com | Subject: STANDARD | HTTP: 200 OK | Lag: 9658ms
2025-12-26 17:58:18 INFO  - | From: noreply@hitract.se | To: user-96@student.com | Subject: STANDARD | HTTP: 200 OK | Lag: 9865ms
2025-12-26 17:58:18 INFO  - | From: noreply@hitract.se | To: user-97@student.com | Subject: STANDARD | HTTP: 200 OK | Lag: 9862ms
2025-12-26 17:58:18 INFO  - | From: noreply@hitract.se | To: user-98@student.com | Subject: STANDARD | HTTP: 200 OK | Lag: 10083ms
2025-12-26 17:58:18 INFO  - | From: noreply@hitract.se | To: user-99@student.com | Subject: STANDARD | HTTP: 200 OK | Lag: 10079ms
